[   0.0000] Initilizing cgroup subsys cpuset
[    0.000000] niializg cgrp susy cpu
[  0.00000] niializin crou sbsyscpacct
[   000000] Linux version 4.4.0-119-genric (build@lcy01-amd64-013) (gcc version 5.4.0 2016609 (Ubuntu 5.4.0-6ubuntu1~16.0.9)  #143-Ubuntu SMP Mon Apr 2 16:08:24 UTC 2018 (Ubuntu 4..0-119.143-generic 4.4.114)
[    .000000] Commandline: BOOT_IMAE=/boot/vmlinuz-4.4.0-119-geneicrootLABEL=cloudimg-rootfs ro console=tty1 console=ttyS0
[    0.000000] KEREL spprtd pus:[   0.00000]   Intel GenuineIntel
[    0.000000]   AMD AuheticMD
[  0.00000   Cetaur CentaurHauls
[    0.000000] x86/fpu: xstate_offset2]:  576, xstate_sizes[2]:  256
[    0.000000] x86/fpu: Supporting XSAVE fture x01: '87floain poit registers'
[   .000000] x86/fpu: Supporting XSAVE eature 0x02: 'SSE registers'
[    0.000000] x86/fpu: Supporting XSAVE feature 0x04: 'AVX regites'
[   0.0000] x86/fpu: Enabled xstate features 0x7, context size is 832 bytes, using 'standard' format.
[    0.00000] x86/fpu Using'laz' PP contxt switces.
[    0.000000] e820: BIOS-provided physical RAM map:
[   0.00000] BIOS-e820: [mem 0x0000000000000000-0x000000000009fbff] usable
[    .000000] IOS-e820: [mem 0x000000000009fc000x00000000009ffff] reerved
[   0.000000] BIOS-820: [mm 0x00000000f0000-00000000000fffff] reserved
[    0.0000] BIOS-e820: [mem 0x00000000100000-0x000000001ffeffff] usale
    0.00000] BIOS-e820: [mem 0x000000001fff0000-0x000000001fffffff] ACPI data
[    0.000000] BIOS-e820: [mem 0x00000fec00000-0x00000000fec00fff] reserved
[  0.000000] BIOS-e820: [mem 0x00000000fee00000-000000000fee00ff] eserved
[    0.00000] BIS-e82: [mem 0x0000000fffc0000-0x00000000ffffffff] reserved
[    0.000000] NX (Excute Disable) protection: active
[    0.000000] SMBIOS 5 present.
[    0.000000] Hypervisor deected: KVM
[    0.000000] e820: last_pfn = 0x1fff0 ma_ach_pfn = 0x400000000
[    0.000000] MTRR: Disabled
[    0.000000] x86/PAT: MTRRs disabled, skipping PAT initialization too.
[    0.000000] CPU MTRRs all blank - virtualized system.
[    0.000000] x86/PAT: Configuration [0-7]: WB  WT  UC- UC  WB  WT  UC- UC  
[    0.000000] found SMP MP-tble at[mem 0x0009fff0-0x0009ffff] mapped at [ffff88000009fff0]
[    0.000000] Scanning 1 areas for low memory crruption
[    0.000000] RAMDISK: [mem 0xeecbe000-0x1f763fff]
[    0.000000] ACPI: Early table checksum verification disabled
[    0.000000]ACPI: RSP 0x000000000E0000 00024 (v02 VBOX  )
[    0.000000] ACP: XSDT 0000000001FFF0030 00003C (v01 VBOX   VBOXXSDT 00000001 ASL  00000061)
[    0.000000 ACPI:FACP 0x000000001FFF00F0 0000F4 (v04 VBOX   VBOXFACP 00000001 ASL  00000061)
[    0.000000] ACPI: DSDT 0x000000001FFF0470 0021FF (v02 VBOX   VBOXBIOS 00000002 INTL 20100528)
[    0.000000] ACPI: FACS 0x000000001FFF0200 000040
[    0.000000] ACPI: FACS 0x000000001FFF0200 000040
[    0.000000] ACPI: APIC 0x000000001FFF0240 00005C (v02 VBOX   VBOXAPIC 0000001 ASL  00000061)
[    0.000000] ACPI: SSDT 0x000000001FF02A0 0001CC (v01 VBOX   VBOXCPUT 000002 ITL200028)
[   0.00000 No NUMA configurraion foud
[    0.000000] Faking a node at [mem 0x0000000000000000-0x000000001ffeffff]
[   0.000000 NOD_DTA(0) allcated me 0x1feb0-0x1fffff]
[   0.00000] vm-clock: Using msrs 4b564d01 and 4b564d00
[    0.000000] kvm-clock: cpu 0, msr 0:1ffe3001, primary cpu cck
[   .00000 kvmclck: sig scd ofset of 4772446138 cycles
[    0.00000]clocksorc: kv-cock:mak:0xffffffffffff mx_cyle: 0xcd2edfb, mx_dl_ns: 881590591483 ns
[    0.000000] Zonerages:
   0.0000]   MA    mem 0x0000000000001000-0x0000000000ffffff]
[    0.000000]   DMA32    [mem x00000000000000-0x000000001ffeffff]
[    0.000000]   Normal   empty
[    0.000000]   Device   empty
    0.000000] Movable zone start foreach noe
[    .000000] Eary memrynnode ranges
[    0.00000]  node   0: [me0x000000000100-0x00000000efff]
[    0.000000]   nnoe  0 [em 0x0000000001000000x0000000ffffff
    .00000] Intmemseup node [mem 0000000000100-x0000000ffeffff]
[    0.000000] AI: P-Tmer  Port:0x008
[    0.000000] IOAPIC[0]: apic_id 2, vesion 32, adress 0xfec00000, GSI 0-23
[    0.000000] ACPI: INT_SRC_OVR (bus 0 bus_irq 0 global_irq 2 dfl df)
[  0.00000]ACPI: INT_SRC_OR bus 0us_iq  gloalirq 9lo levl)
[   .000000] Using ACPI (MAD) orSMP onfiguration informatin
[    0.000000] smpboot: Allowing 2 CPUs,0 otplg PUs[   0.00000] PM: Registered nosave memory: [mem 0x0000000-0x00000fff]
[    0.000000] PM: Registered nosave emory: [em0x00f0000x009ff]
[    0.000000] PM: Registered nosave memory: [mem 0x000a0000-0x000effff]
[    0.00000] PMRegiered save mory [em0x00f00-0x00ffff][    .00000] e20: [mem 0x20000000-0xfebfffff] available forPC devics
[  0.000000]Bootngparairualiedkernl n KV
    000000] loksoue: rfied-jiies: mas 0xfffff mx_cycles: xffffffff, mx_dle_ns: 645596021156 n
[  0.00000] setup_percpu: NR_CPUS:512 nr_cpumask_bits:512 nr_cpu_ids:2 nr_node_ids:1
[    0.000000] PERCPU: Embedded 34 pages/cpu @ffff88001fc00000 s99544 r8192 d31528 u0485
[    .0000]PV qpilock sh tbl entrs: 26 orde: , 09 bytes)
[   0.0000] Buil1 zoelsts n ode rdr, mbiity ropingn.  Total pages: 128888
[    0.000000] Policy zone: DMA32
[    0.000000] Kernel comand line: OO_IMAGE/bot/vminz-44.-19-eneric root=LABEL=cloudimg-rootfs ro console=tty1 console=ttyS0
[    0.000000] PD ash able etres 2048 (order: 2, 16384 bytes)
[    0.000000] Memory: 4550K/52332 aaiable(8532K kernel code, 1313K rwdata 3996K rodata, 150K init, 1316K bss, 38292K reserved, 0K cma-reserved)
[    0.000000] SLUB: HWalign=64, Order=0-3, MinObjects=0, CPUs=2, Nodes=1
[    0.000000] Kernel/User page tables isolation: enabled
[    0.000000] Hierarchical RCU implementation.
[    0.000000] 	Build-time adjustment of leaf fanout to 64.
[    0.00000] 	RC resrictig CPUsfrom NR_CPUS=512 to nr_cpu_ids=2.
[    0.000000] RCU:Adjusting geometry for rcu_fanout_leaf=64, nr_cpu_ids=2
[    0000000] NR_IRQS:33024 nr_irqs:440 16
[    0.000000] Console: colour VGA+ 80x25
[    0.000000] console [tty1] enabled
[    0.000000] console [ttyS0] enabled
[    0.000000] tsc: Detected 1795.920 MHz processor
[   15.966296] Calibrating delay loop (skipped) preset value.. 3591.84 BogoMIPS (lpj=7183680)
[  15.971304] pid_max: default: 32768 minimum: 301
[   16.008855] ACPI: Core revision 20150930
[   16.039077] ACPI: 2 ACPI AML tables successfully acquired and loaded
[   16.047065] Security Framework initialized
[   16.055365] Yama: becoming mindful.
[   16.057686] AppArmor: AppArmor initialized
[   16.074307] Dentry cache hash table entries: 65536 (order: 7, 524288 bytes)
[   16.083406] Inode-cache hash table entries: 32768 (order: 6, 262144 bytes)
[   16.108264] Mount-cache hash table entries: 1024 (order: 1, 8192 bytes)
[   16.208746] Mountpoint-cache hash table entries: 1024 (order: 1, 8192 bytes)
[   16.252990] Initializing cgroup subsys io
[   16.273547] Initializing cgroup subsys memory
[   16.302837] Initializing cgroup subsys devices
[   16.316836] Initializing cgroup subsys freezer
[   16.318542] Initializing cgroup subsys net_cls
[   16.324818] Initializing cgroup subsys perf_event
[   16.382793] Initializing cgroup subsys net_prio
[   16.410653] Initializing cgroup subsys hugetlb
[   16.456574] Initializing cgroup subsys pids
[   16.534740] CPU: Physical Processor ID: 0
[   16.605029] CPU: Processor Core ID: 0
[   16.606550] FEATURE SPEC_CTRL Not Present
[   16.616688] mce: CPU supports 0 MCE banks
[   16.618319] Last level iTLB entries: 4KB 512, 2MB 8, 4MB 8
[   16.620324] Last level dTLB entries: 4KB 512, 2MB 32, 4MB 32, 1GB 0
[   16.688952] Spectre V2 mitigation: Mitigation: Full generic retpoline
[   16.801241] Spectre V2 mitigation: Speculation control IBPB not-supported IBRS not-supported
[   16.922218] Freeing SMP alternatives memory: 32K
[   16.968484] ftrace: allocating 32195 entries in 126 pages
[   17.104244] smpboot: APIC(0) Converting physical 0 to logical package 0
[   17.225413] smpboot: Max logical packages: 1
[   17.277124] x2apic enabled
[   17.310100] Switched APIC routing to physical x2apic.
[   17.395916] ..TIMER: vector=0x30 apic1=0 pin1=2 apic2=-1 pin2=-1
[  17.515966] smpboot: CPU0: Intel(R) Core(TM) i3-3217U CPU @ 1.80GHz (family: 0x6, model: 0x3a, stepping: 0x9)
[   17.748938] Performance Events: unsupported p6 CPU model 58 no PMU driver, software events only.
[   17.915479] KVM setup paravirtual spinlock
[   17.959381] x86: Booting SMP configuration:
[   18.022869] .... node  #0, CPUs:      #1
[   18.069139] kvm-clock: cpu 1, msr 0:1ffe3041, secondary cpu clock
[   18.080406] mce: CPU supports 0 MCE banks
[   18.098498] x86: Booted up 1 node, 2 CPUs
[   18.118989] smpboot: Total of 2 processors activated (7183.68 BogoMIPS)
[   18.132926] devtmpfs: initialized
[   18.142645] evm: security.selinux
[   18.171222] evm: security.SMACK64
[   18.183512] evm: security.SMACK64EXEC
[   18.185000] evm: security.SMACK64TRANSMUTE
[   18.186631] evm: security.SMACK64MMAP
[   18.188493] evm: security.ima
[   18.197617] evm: security.capability
[   18.199547] clocksource: jiffies: mask: 0xffffffff max_cycles: 0xffffffff, max_idle_ns: 7645041785100000 ns
[   18.203264] futex hash table entries: 512 (order: 3, 32768 bytes)
[   18.227923] pinctrl core: initialized pinctrl subsystem
[   18.230062] RTC time: 19:08:14, date: 04/16/18
[   18.244953] NET: Registered protocol family 16
[   18.260923] cpuidle: using governor ladder
[   18.296398] cpuidle: using governor menu
[   18.321157] PCCT header not found.
[   18.348037] ACPI: bus type PCI registered
[   18.357616] acpiphp: ACPI Hot Plug PCI Controller Driver version: 0.5
[   18.429314] PCI: Using configuration type 1 for base access
[   18.470503] ACPI: Added _OSI(Module Device)
[   18.554554] ACPI: Added _OSI(Processor Device)
[   18.556373] ACPI: Added _OSI(3.0 _SCP Extensions)
[   18.566049] ACPI: Added _OSI(Processor Aggregator Device)
[   18.571354] ACPI: Executed 1 blocks of module-level executable AML code
[   18.637985] ACPI: Interpreter enabled
[   18.682338] ACPI: (supports S0 S5)
[   18.728141] ACPI: Using IOAPIC for interrupt routing
[   18.792136] PCI: Using host bridge windows from ACPI; if necessary, use "pci=nocrs" and report a bug
[   18.900985] ACPI: PCI Root Bridge [PCI0] (domain 0000 [bus 00-ff])
[   19.020328] acpi PNP0A03:00: _OSC: OS supports [ASPM ClockPM Segments MSI]
[   19.105318] acpi PNP0A03:00: _OSC: not requesting OS control; OS requires [ExtendedConfig ASPM ClockPM MSI]
[   19.212669] acpi PNP0A03:00: fail to add MMCONFIG information, can't access extended PCI configuration space under this bridge.
[   19.241109] PCI host bridge to bus 0000:00
[   19.245828] pci_bus 0000:00: root bus resource [io  0x0000-0x0cf7 window]
[   19.260983] pci_bus 0000:00: root bus resource [io  0x0d00-0xffff window]
[   19.277385] pci_bus 0000:00: root bus resource [mem 0x000a0000-0x000bffff window]
[   19.294120] pci_bus 0000:00: root bus resource [mem 0x20000000-0xfdffffff window]
[   19.300302] pci_bus 0000:00: root bus resource [bus 00-ff]
[   19.310930] pci 0000:00:01.1: legacy IDE quirk: reg 0x10: [io  0x01f0-0x01f7]
[   19.317241] pci 0000:00:01.1: legacy IDE quirk: reg 0x14: [io  0x03f6]
[   19.333773] pci 0000:00:01.1: legacy IDE quirk: reg 0x18: [io  0x0170-0x0177]
[   19.378849] pci 0000:00:01.1: legacy IDE quirk: reg 0x1c: [io  0x0376]
[   19.418742] pci 0000:00:07.0: quirk: [io  0x4000-0x403f] claimed by PIIX4 ACPI
[   19.442380] pci 0000:00:07.0: quirk: [io  0x4100-0x410f] claimed by PIIX4 SMB
[   19.495676] ACPI: PCI Interrupt Link [LNKA] (IRQs 5 9 10 *11)
[   19.503628] ACPI: PCI Interrupt Link [LNKB] (IRQs 5 9 *10 11)
[   19.507384] ACPI: PCI Interrupt Link [LNKC] (IRQs 5 *9 10 11)
[   19.511307] ACPI: PCI Interrupt Link [LNKD] (IRQs 5 9 10 *11)
[   19.528057] ACPI: Enabled 2 GPEs in block 00 to 07
[   19.537655] vgaarb: setting as boot device: PCI:0000:00:02.0
[   19.596237] vgaarb: device added: PCI:0000:00:02.0,decodes=io+mem,owns=io+mem,locks=none
[   19.648585] vgaarb: loaded
[   19.666727] vgaarb: bridge control possible 0000:00:02.0
[   19.689194] SCSI subsystem initialized
[   19.693640] ACPI: bus type USB registered
[   19.729704] usbcore: registered new interface driver usbfs
[   19.801245] usbcore: registered new interface driver hub
[   19.815484] usbcore: registered new device driver usb
[   19.897471] PCI: Using ACPI for IRQ routing
[   19.975455] NetLabel: Initializing
[   19.976949] NetLabel:  domain hash size = 128
[   19.978573] NetLabel:  protocols = UNLABELED CIPSOv4
[   19.991438] NetLabel:  unlabeled traffic allowed by default
[   19.993749] amd_nb: Cannot enumerate AMD northbridges
[   20.032768] clocksource: Switched to clocksource kvm-clock
[   0.2135 ApAmo: pprm FesteEnle
[ 20928]pn: Pn ACP iit[ 2136480] np PP CP: oud  dvies

[   22.016667] clocksource: acpi_pm: mask: 0xffffff max_cycles: 0xffffff, max_idle_ns: 2085701024 ns
[   22.024948] NET: Registered protocol family 2
[   22.029833] TCP established hash table entries: 4096 (order: 3, 32768 bytes)
[   22.035794] TCP bind hash table entries: 4096 (order: 4, 65536 bytes)
[   22.052217] TCP: Hash tables configured (established 4096 bind 4096)
[   22.059510] UDP hash table entries: 256 (order: 1, 8192 bytes)
[   22.072275] UDP-Lite hash table entries: 256 (order: 1, 8192 bytes)
[   22.083742] NET: Registered protocol family 1
[   22.094442] pci 0000:00:00.0: Limiting direct PCI/PCI transfers
[   22.099207] pci 0000:00:01.0: Activating ISA DMA hang workarounds
[   22.106910] Unpacking initramfs...
[   256994Frininrd memory: 10904K
[  26.100104] RAPL PMU detected, API unit is 2^-32 Joules, 3 fxed counters 10737418240 ms ovfl timer
[   26.223452] hw unit of domainp0or 2-0Joes
[   26.625934] hw unit of domain package 2^-0 Joules
[   26.636442] hw unit of domain pp1-gpu 2^-0 Joules
[   26.640097] platform rtc_cmos: registered platform RTC device (no PNP device found)
[   26.853083] Scanning for low memory corruption every 60 seconds
[   26.894181] audit: initializing netlink subsys (disabled)
[   26.937811] audit: type=2000 audit(1523905689.900:1): initialized
[   27.108449] Initialise system trusted keyring
[   27.148533] HugeTLB registered 2 MB page size, pre-allocated 0 pages
[   27.160204] zbud: loaded
[   27.163831] VFS: Disk quotas dquot_6.6.0
[   27.174446] VFS: Dquot-cache hash table entries: 512 (order 0, 4096 bytes)
[   27.184504] squashfs: version 4.0 (2009/01/31) Phillip Lougher
[   27.206583] fuse init (API version 7.23)
[   27.219431] Key type big_key registered
[   27.231042] Allocating IMA MOK and blacklist keyrings.
[   27.241533] Key type asymmetric registered
[   27.250519] Asymmetric key parser 'x509' registered
[   27.262781] Block layer SCSI generic (bsg) driver version 0.4 loaded (major 249)
[   27.278653] io scheduler noop registered
[   27.286104] io scheduler deadline registered (default)
[   27.289951] io scheduler cfq registered
[   27.292314] pci_hotplug: PCI Hot Plug PCI Core version: 0.5
[   27.301089] pciehp: PCI Express Hot Plug Controller Driver version: 0.4
[   27.312592] ACPI: AC Adapter [AC] (on-line)
[   27.315474] input: Power Button as /devices/LNXSYSTM:00/LNXPWRBN:00/input/input0
[   27.325464] ACPI: Power Button [PWRF]
[   27.327316] input: Sleep Button as /devices/LNXSYSTM:00/LNXSLPBN:00/input/input1
[   27.337233] ACPI: Sleep Button [SLPF]
[   27.340867] GHES: HEST is not enabled!
[   27.342044] ACPI: Battery Slot [BAT0] (battery present)
[   27.354141] Serial: 8250/16550 driver, 32 ports, IRQ sharing enabled
[   27.386870] 00:02: ttyS0 at I/O 0x3f8 (irq = 4, base_baud = 115200) is a 16550A
[   27.474140] Linux agpgart interface v0.103
[   27.482233] loop: module loaded
[   27.555613] scsi host0: ata_piix
[   27.564525] scsi host1: ata_piix
[   27.567175] ata1: PATA max UDMA/33 cmd 0x1f0 ctl 0x3f6 bmdma 0xd000 irq 14
[   27.575434] ata2: PATA max UDMA/33 cmd 0x170 ctl 0x376 bmdma 0xd008 irq 15
[   27.588015] libphy: Fixed MDIO Bus: probed
[   27.589829] tun: Universal TUN/TAP device driver, 1.6
[   27.595725] tun: (C) 1999-2004 Max Krasnyansky <maxk@qualcomm.com>
[   27.650698] tsc: Refined TSC clocksource calibration: 1794.944 MHz
[   27.738382] clocksource: tsc: mask: 0xffffffffffffffff max_cycles: 0x19df815a9ee, max_idle_ns: 440795230768 ns
[   27.966062] PPP generic driver version 2.4.2
[   28.062119] ehci_hcd: USB 2.0 'Enhanced' Host Controller (EHCI) Driver
[   28.137052] ehci-pci: EHCI PCI platform driver
[   28.194063] ehci-platform: EHCI generic platform driver
[   28.239612] ohci_hcd: USB 1.1 'Open' Host Controller (OHCI) Driver
[   28.245618] ohci-pci: OHCI PCI platform driver
[   28.250259] ohci-platform: OHCI generic platform driver
[   28.260063] uhci_hcd: USB Universal Host Controller Interface driver
[   28.271676] i8042: PNP: PS/2 Controller [PNP0303:PS2K,PNP0f03:PS2M] at 0x60,0x64 irq 1,12
[   28.290694] serio: i8042 KBD port at 0x60,0x64 irq 1
[   28.295485] serio: i8042 AUX port at 0x60,0x64 irq 12
[   28.298247] mousedev: PS/2 mouse device common for all mice
[   28.303000] input: AT Translated Set 2 keyboard as /devices/platform/i8042/serio0/input/input2
[   28.332642] rtc_cmosrt_cs:tcor risrertcm art
[   29.177388] rtc_cmos rtc_cmos: alarms up to one day, 114 bytes nvram
[   29.235683] i2c /dev entries driver
[   29.261658] device-mapper: uevent: version 1.0.3
[   29.322168] device-mapper: ioctl: 4.34.0-ioctl (2015-10-28) initialised: dm-devel@redhat.com
[   29.424929] ledtrig-cpu: registered to indicate activit o CUs

[   29.610725] NET: Registered protocol family 10
[   29.619337] NET: Registered protocol family 17
[   29.625999] Key type dns_resolver registered
[   29.637747] registered taskstats version 1
[   29.68239] oadin cpid-in X.509 certificte
  0.46891] Loaded X.509 cert 'Build time autogenerated kernel key: f854e06633b5f496d52e2cb1f71b69302'

[   30.528902] zswap loaded using pool lzo/zbud

[   30.599399] Key type trusted registered
[   30.620860] Key type encrypted registered
[   30.642777] AppArmor: AppArmor sha1 policy hashing enabled
[   30.659098] ima: No TPM chip found, activating TPM-bypass!
[   30.685961] evm: HMAC attrs: 0x1
[   30690145]   Magic number: 14:27014
[   30.838507] rtc_cmos rtc_cmos: setting system clock to 2018-04-16 19:08:26 UTC (152390576)

[   30.937088] BIOS EDD facility v0.16 2004-Jun-25, 0 devices found
[   30.9507] D formatn otvaab.
[   31.571778] Freeing unused kernel memory: 1508K
[   32.225914] Write protecting the kernel read-only data: 14336k
[   33.236373] Freeing unused kernel memory: 1696K
[   33.268022] Freeing unused kernel memory: 100K
Loading, please wait...
starting version[   33.307364] random: systemd-udevd: uninitialized urandom read (16 bytes read, 5 bits of entropy available)
 229
[   33.308462] random: udevadm: uninitialized urandom read (16 bytes read, 5 bits of entropy available)
[   33.308510] random: udevadm: uninitialized urandom read (16 bytes read, 5 bits of entropy available)
[   33.341040] random: udevadm: uninitialized urandom read (16 bytes read, 5 bits of entropy available)
[   33.341168] random: udevadm: uninitialized urandom read (16 bytes read, 5 bits of entropy available)
[   33.341656] random: udevadm: uninitialized urandom read (16 bytes read, 5 bits of entropy available)
[   33.341890] random: udevadm: uninitialized urandom read (16 bytes read, 5 bits of entropy available)
[   33.342144] random: udevadm: uninitialized urandom read (16 bytes read, 5 bits of entropy available)
[   33.342332] random: udevadm: uninitialized urandom read (16 bytes read, 5 bits of entropy available)
[   33.342527] random: udevadm: uninitialized urandom read (16 bytes read, 5 bits of entropy available)
[   33.869118] e1000: Intel(R) PRO/1000 Network Driver - version 7.3.21-k8-NAPI
[   33.892846] e1000: Copyright (c) 1999-2006 Intel Corporation.
[   33.898601] Fusion MPT base driver 3.04.20
[   33.914198] Copyright (c) 1999-2008 LSI Corporation
[   33.936076] Fusion MPT SPI Host driver 3.04.20
[   34.126593] input: ImExPS/2 Generic Explorer Mouse as /devices/platform/i8042/serio1/input/input4
[   34.392896] e1000 0000:00:03.0 eth0: (PCI:33MHz:32-bit) 02:39:99:10:d1:5e
[   34.443872] e1000 0000:00:03.0 eth0: Intel(R) PRO/1000 Network Connection
[   34.937659] e1000 0000:00:08.0 eth1: (PCI:33MHz:32-bit) 08:00:27:74:98:58
[   35.040662] e1000 0000:00:08.0 eth1: Intel(R) PRO/1000 Network Connection
[   35.115912] e1000 0000:00:08.0 enp0s8: renamed from eth1
[   35.190238] mptbase: ioc0: Initiating bringup
[   35.223668] e1000 0000:00:03.0 enp0s3: renamed from eth0
[   35.469722] ioc0: LSI53C1030 A0: Capabilities={Initiator}
[   36.935712] floppy0: no floppy controllers found
[   37.300038] scsi host2: ioc0: LSI53C1030 A0, FwRev=00000000h, Ports=1, MaxQ=256, IRQ=20
[   37.433604] scsi 2:0:0:0: Direct-Access     VBOX     HARDDISK         1.0  PQ: 0 ANSI: 5
[   37.467414] scsi target2:0:0: Beginning Domain Validation
[   37.478787] scsi target2:0:0: Domain Validation skipping write tests
[   37.530475] scsi target2:0:0: Ending Domain Validation
[   37.544922] scsi target2:0:0: asynchronous
[   37.551964] scsi 2:0:1:0: Direct-Access     VBOX     HARDDISK         1.0  PQ: 0 ANSI: 5
[   37.566832] scsi target2:0:1: Beginning Domain Validation
[   37.594207] scsi target2:0:1: Domain Validation skipping write tests
[   37.621131] scsi target2:0:1: Ending Domain Validation
[   37.646874] scsi target2:0:1: asynchronous
[   37.665303] sd 2:0:0:0: [sda] 20971520 512-byte logical blocks: (10.7 GB/10.0 GiB)
[   37.665522] sd 2:0:0:0: Attached scsi generic sg0 type 0
[   37.667188] sd 2:0:1:0: Attached scsi generic sg1 type 0
[   37.713577] sd 2:0:1:0: [sdb] 20480 512-byte logical blocks: (10.5 MB/10.0 MiB)
[   37.714213] sd 2:0:0:0: [sda] Write Protect is off
[   37.714527] sd 2:0:0:0: [sda] Incomplete mode parameter data
[   37.714531] sd 2:0:0:0: [sda] Assuming drive cache: write through
[   37.766281] sd 2:0:1:0: [sdb] Write Protect is off
[   37.776505] sd 2:0:1:0: [sdb] Incomplete mode parameter data
[   37.781169]  sda: sda1
[   37.782910] sd 2:0:0:0: [sda] Attached SCSI disk
[   37.804599] sd 2:0:1:0: [sdb] Assuming drive cache: write through
[   37.841940] sd 2:0:1:0: [sdb] Attached SCSI disk
Begin: Loading e[   39.605430] md: linear personality registered for level -1
ssential drivers ... [   39.647094] md: multipath personality registered for level -4
[   39.752001] md: raid0 personality registered for level 0
[   39.783198] md: raid1 personality registered for level 1
[   39.881089] raid6: sse2x1   gen()  3787 MB/s
[   39.976912] raid6: sse2x1   xor()  3429 MB/s
[   40.084870] raid6: sse2x2   gen()  5793 MB/s
[   40.220867] raid6: sse2x2   xor()  4025 MB/s
[   40.309108] raid6: sse2x4   gen()  6023 MB/s
[   40.381104] raid6: sse2x4   xor()  4752 MB/s
[   40.443766] raid6: using algorithm sse2x4 gen() 6023 MB/s
[   40.473993] raid6: .... xor() 4752 MB/s, rmw enabled
[   40.540423] raid6: using ssse3x2 recovery algorithm
[   40.571794] xor: automatically using best checksumming function:
[   40.676842]    avx       : 10096.000 MB/sec
[   40.740146] async_tx: api initialized (async)
[   40.799860] md: raii6 personality registered for level 6
[   40.867126] md: raid5 personality registered for level 5
[   40.873349] md: raid4 personality registered for level 4
[   40.899969] md: raid10 personality registered for level 10
done.
Begin: Running /scripts/init-premount ... done.
Begin: Mounting root file system ... Begin: Running /scripts/local-top ... done.
Begin: Running /scripts/local-premount ... [   40.981536] Btrfs loaded
Scanning for Btrfs filesystems
done.
Warning: fsck not present, so skipping root file system
[   41.082133] EXT4-fs (sda1): mounted filesystem with ordered data mode. Opts: (null)
done.
Begin: Running /scripts/local-bottom ... done.
Begin: Running /scripts/init-bottom ... done.
[   42.081754] systemd[1]: systemd 229 running in system mode. (+PAM +AUDIT +SELINUX +IMA +APPARMOR +SMACK +SYSVINIT +UTMP +LIBCRYPTSETUP +GCRYPT +GNUTLS +ACL +XZ -LZ4 +SECCOMP +BLKID +ELFUTILS +KMOD -IDN)
[   42.109741] systemd[1]: Detected virtualization oracle.
[   42.120915] systemd[1]: Detected architecture x86-64.
[   42.199084] random: nonblocking pool is initialized

Welcome to [1mUbuntu 16.04.4 LTS[0m!

[   42.280849] systemd[1]: Set hostname to <ubuntu-xenial>.
[   43.814164] systemd[1]: Listening on LVM2 metadata daemon socket.
[[0;32m  OK  [0m] Listening on LVM2 metadata daemon socket.
[   43.973723] systemd[1]: Listening on LVM2 poll daemon socket.
[[0;32m  OK  [0m] Listening on LVM2 poll daemon socket.
[   44.121459] systemd[1]: Listening on Device-mapper event daemon FIFOs.
[[0;32m  OK  [0m] Listening on Device-mapper event daemon FIFOs.
[   44.250113] systemd[1]: Listening on Journal Socket.
[[0;32m  OK  [0m] Listening on Journal Socket.
[   44.273961] systemd[1]: Reached target Swap.
[[0;32m  OK  [0m] Reached target Swap.
[   44.295334] systemd[1]: Created slice System Slice.
[[0;32m  OK  [0m] Created slice System Slice.
[   44.325169] systemd[1]: Mounting Huge Pages File System...
         Mounting Huge Pages File System...
[   44.352321] systemd[1]: Starting Set console keymap...
         Starting Set console keymap...
[   44.401302] systemd[1]: Mounting POSIX Message Queue File System...
         Mounting POSIX Message Queue File System...
[   44.438348] systemd[1]: Starting Monitoring of LVM2 mirrors, snapshots etc. using dmeventd or progress polling...
         Starting Monitoring of LVM2 mirrors... dmeventd or progress polling...
[   44.509246] systemd[1]: Starting Nameserver information manager...
         Starting Nameserver information manager...
[   44.522861] systemd[1]: Listening on udev Kernel Socket.
[[0;32m  OK  [0m] Listening on udev Kernel Socket.
[   44.554515] systemd[1]: Set up automount Arbitrary Executable File Formats File System Automount Point.
[[0;32m  OK  [0m] Set up automount Arbitrary Executab...ats File System Automount Point.
[   44.786672] systemd[1]: Starting Load Kernel Modules...
         Starting Load Kernel Modules...
[   44.807184] systemd[1]: Listening on /dev/initctl Compatibility Named Pipe.
[[0;32m  OK  [0m] Listening on /dev/initctl Compatibility Named Pipe.
[  4.862025] systemd[1]: StartedTrge rsolvonf update fr networkd DNS.

[[0;32m  OK  [0m] Started Trigger resolvconf update for networkd DNS.
[   45.357663] systemd[1]: Reached target System Time Synchronized.
[[0;32m  OK  [0m] Reached target System Time Synchronized.
[   45.407187] Loading iSCSI transport class v2.0-870.
[   45.457561] systemd[1]: Reached target Encrypted Volumes.
[[0;32m  OK  [0m] Reached target Encrypted Volumes.
[   45.481072] iscsi: registered transport (tcp)
[   45.482125] systemd[1]: Created slice system-serial\x2dgetty.slice.
[[0;32m  OK  [0m] Created slice system-serial\x2dgetty.slice.
[   45.561325] systemd[1]: Listening on Journal Socket (/dev/log).
[[0;32m  OK  [0m] Listening on Journal Socket (/dev/log).
[   45.579667] systemd[1]: Listening on udev Control Socket.
[[0;32m  OK  [0m] Listening on udev Control Socket[   45.599615] iscsi: registered transport (iser)
.
[   45.617208] systemd[1]: Reached target User and Group Name Lookups.
[[0;32m  OK  [0m] Reached target User and Group Name Lookups.
[   45.649387] systemd[1]: Listening on Syslog Socket.
[[0;32m  OK  [0m] Listening on Syslog Socket.
[   45.655033] systemd[1]: Listening on Journal Audit Socket.
[[0;32m  OK  [0m] Listening on Journal Audit Socket.
[   45.709078] systemd[1]: Starting Journal Service...
         Starting Journal Service...
[   45.82652]ystemd[1]: Cat sce User and Session Slice.
[[0;32m  OK  [0m] Created slice User and Session Slice.
[  46.23824 sstmd1]Rehetaetlis.
[[0;32m  OK  [0m] Reached target Slices.
[   47.017091] systemd[1]: Mounting Debug File System...
         Mounting Debug File System...
[   47.101944] systemd[1]: Starting Uncomplicated firewall...
         Starting Uncomplicated firewall...
[   47.229599] systemd[1]: Starting Remount Root and Kernel File Systems...
         Starting Remount[   47.282298] EXT4-fs (sda1): re-mounted. Opts: (null)
 Root and Kernel File Systems...
[   47.377541] systemd[1]: Starting Create list of required static device nodes for the current kernel...
         Starting Create list of required st... nodes for the current kernel...
[ 47554039] syted[]:StaredFoward Password Requests to Wall Directory Watch.
[[0;32m  OK  [0m] Started Forward Password Requests to Wall Directory Watch.
[   48.263836] systemd[1]: Mounted Debug File System.
[[0;32m  OK  [0m] Mounted Debug File System.
[   48.301987] systemd[1]: Mounted POSIX Message Queue File System.
[[0;32m  OK  [0m] Mounted POSIX Message Queue File System.
[   48.405212] systemd[1]: Mounted Huge Pages File System.
[[0;32m  OK  [0m] Mounted Huge Pages File System.
[   48.490606] systemd[1]: Started Journal Service.
[[0;32m  OK  [0m] Started Journal Service.
[[0;32m  OK  [0m] Started Set console keymap.
[[0;32m  OK  [0m] Started Load Kernel Modules.
[[0;32m  OK  [0m] Started Uncomplicated firewall.
[[0;32m  OK  [0m] Started Remount Root and Kernel File Systems.
[[0;32m  OK  [0m] Started Create list of required sta...ce nodes for the current kernel.
[[0;32m  OK  [0m] Started Nameserver information manager.
[[0;32m  OK  [0m] Started LVM2 metadata daemon.
         Starting Create Static Device Nodes in /dev...
         Starting Load/Save Random Seed...
         Starting udev Coldplug all Devices...
         Starting Initial cloud-init job (pre-networking)...
         Mounting FUSE Control File System...
         Starting Apply Kernel Variables...
         Starting Flush Journal to Persistent Storage...
[[0;32m  OK  [0m] Mounted FUSE Control File System.
[[0;32m  OK  [0m] Started Load/Save Random Seed.
[[0;32m  OK  [0m] Started Monitoring of LVM2 mirrors,...ng dmeventd or progress polling.
[[0;32m  OK  [0m] Started Create Static Device Nodes in /dev.
[[0;32m  OK  [0m] Started Apply Kernel Variables.
[[0;32m  OK  [0m] Started udev Coldplug all Devices.
         Starting udev Kernel Device Manager...
[[0;32m  OK  [0m] Started Flush Journal to Persistent Storage.
[[0;32m  OK  [0m] Started udev Kernel Device Manager.
[[0;32m  OK  [0m] Started Dispatch Password Requests to Console Directory Watch.
[[0;32m  OK  [0m] Reached target Local File Systems (Pre).
[[0;32m  OK  [0m] Reached target Local File Systems.
         Starting LSB: AppArmor initialization...
         Starting Set console font and keymap...
         Starting Tell Plymouth To Write Out Runtime Data...
         Starting Create Volatile Files and Directories...
[[0;32m  OK  [0m] Started Tell Plymouth To Write Out Runtime Data.
[[0;32m  OK  [0m] Found device /dev/ttyS0.
[[0;32m  OK  [0m] Started Create Volatile Files and Directories.
         Starting Update UTMP about System Boot/Shutdown...
[[0;32m  OK  [0m] Started Update UTMP about System Boot/Shutdown.
[[0;32m  OK  [0m] Started Set console font and keymap.
[[0;32m  OK  [0m] Created slice system-getty.slice.
[[0;32m  OK  [0m] Found device 82540EM Gigabit Ethern...r (PRO/1000 MT Desktop Adapter).
[[0;32m  OK  [0m] Listening on Load/Save RF Kill Switch Status /dev/rfkill Watch.
[[0;32m  OK  [0m] Started LSB: AppArmor initialization.
[   38.876338] cloud-init[429]: Cloud-init v. 17.2 running 'init-local' at Mon, 16 Apr 2018 19:08:53 +0000. Up 37.94 seconds.
[[0;32m  OK  [0m] Started Initial cloud-init job (pre-networking).
[[0;32m  OK  [0m] Reached target Network (Pre).
         Starting Raise network interfaces...
[[0;32m  OK  [0m] Started ifup for enp0s8.
[[0;32m  OK  [0m] Started ifup for enp0s3.
[[0;32m  OK  [0m] Started Raise network interfaces.
         Starting Initial cloud-init job (metadata service crawler)...
[[0;32m  OK  [0m] Reached target Network.
[   41.700381] cloud-init[1041]: Cloud-init v. 17.2 running 'init' at Mon, 16 Apr 2018 19:08:55 +0000. Up 40.50 seconds.
[   41.805813] [cloud-init[0;32m  OK  [0m[1041]: ] ci-info: ++++++++++++++++++++++++++++++++++++++Net device info++++++++++++++++++++++++++++++++++++++Started Initial cloud-init job (metadata service crawler).

[   41.806755] cloud-init[1041]: ci-info: +--------+------+-----------------------------+---------------+-------+-------------------+
[   42.064526] [cloud-init[0;32m  OK  [0m[1041]: ] ci-info: | Device |  Up  |           Address           |      Mask     | Scope |     Hw-Address    |Reached target System Initialization.

[   42.065690] cloud-init[1041]: ci-info: +--------+------+-----------------------------+---------------+-------+-------------------+
[   42.442403] [cloud-init[0;32m  OK  [0m[1041]: ] ci-info: | enp0s3 | True |          10.0.2.15          | 255.255.255.0 |   .   | 02:39:99:10:d1:5e |Started Daily apt download activities.

[   42.608984] [cloud-init[0;32m  OK  [0m[1041]: ] ci-info: | enp0s3 | True |  fe80::39:99ff:fe10:d15e/64 |       .       |  link | 02:39:99:10:d1:5e |Listening on ACPID Listen Socket.

[   42.610419] cloud-init[1041]: ci-info: | enp0s8 | True |         192.168.68.8        | 255.255.255.0 |   .   | 08:00:27:74:98:58 |
[[0;32m  OK  [0m] Listening on UUID daemon activation socket.
[   42.754343] [cloud-init[0;32m  OK  [0m[1041]: ci-info: | enp0s8 | True | fe80::a00:27ff:fe74:9858/64 |       .       |  link | 08:00:27:74:98:58 |] 
Started Timer to automatically refresh installed snaps.
[[0;32m  OK  [0m] Started Daily apt upgrade and clean activities.
[   42.862562] cloud-init[1041]: ci-info: |   lo   | True |          127.0.0.1          |   255.0.0.0   |   .   |         .         |
[   43.111413] cloud-init[1041]: ci-info: |   lo   | True |           ::1/128           |       .       |  host |         .         |
[[0;32m  OK  [0m] Started ACPI Events Check.
[   43.112638] [cloud-init[0;32m  OK  [0m[1041]: ] ci-info: +--------+------+-----------------------------+---------------+-------+-------------------+Reached target Paths.

[   43.159540] [cloud-init[0;32m  OK  [0m[1041]: ] ci-info: ++++++++++++++++++++++++++++Route IPv4 info++++++++++++++++++++++++++++Listening on D-Bus System Message Bus Socket.

[   43.231892] [cloud-init[0;32m  OK  [0m[1041]: ] ci-info: +-------+--------------+----------+---------------+-----------+-------+Started Daily Cleanup of Temporary Directories.

[   43.232899] [cloud-init[0;32m  OK  [0m[1041]: ] ci-info: | Route | Destination  | Gateway  |    Genmask    | Interface | Flags |Reached target Timers.

[   43.250865] cloud-init[1041]: ci-info: +-------+--------------+----------+---------------+-----------+-------+
[   43.322662]          cloud-initStarting LXD - unix socket.[1041]: 
ci-info: |   0   |   0.0.0.0    | 10.0.2.2 |    0.0.0.0    |   enp0s3  |   UG  |
[   43.416631]          cloud-initStarting Socket activation for snappy daemon.[1041]: 
ci-info: |   1   |   10.0.2.0   | 0.0.0.0  | 255.255.255.0 |   enp0s3  |   U   |
[   43.511542] cloud-init[1041]: ci-info: |   2   | 192.168.68.0 | 0.0.0.0  | 255.255.255.0 |   enp0s8  |   U   |
[[0;32m  OK  [0m] Reached target Network is Online.
[   43.512672] cloud-init[1041]: ci-info: +-------+--------------+----------+---------------+-----------+-------+
         Starting iSCSI initiator daemon (iscsid)...
[[0;32m  OK  [0m] Reached target Cloud-config availability.
[[0;32m  OK  [0m] Listening on LXD - unix socket.
[[0;32m  OK  [0m] Listening on Socket activation for snappy daemon.
[[0;32m  OK  [0m] Reached target Sockets.
[[0;32m  OK  [0m] Reached target Basic System.
[[0;32m  OK  [0m] Started FUSE filesystem for LXC.
         Starting Apply the settings specified in cloud-config...
[[0;32m  OK  [0m] Started Deferred execution scheduler.
         Starting /etc/rc.local Compatibility...
         Starting LXD - container startup/shutdown...
[[0;32m  OK  [0m] Started Regular background program processing daemon.
         StartinggLSB: MD monitoring daemon...
         Starting Accounts Service...
[[0;32m  OK  [0m] Started Unattended Upgrades Shutdown.
         Starting LSB: Record successful boot for GRUB...
         Starting Login Service...
         Starting System Logging Service...
[[0;32m  OK  [0m] Started D-Bus System Message Bus.
[   46.053037] cloud-init[1102]: Cloud-init v. 17.2 running 'modules:config' at Mon, 16 Apr 2018 19:09:00 +0000. Up 45.12 seconds.
         Starting OpenBSD Secure Shell server...
[[0;32m  OK  [0m] Started ACPI event daemon.
         Starting Virtualbox guest utils...
         Starting Snappy daemon...
[[0;32m  OK  [0m] Started System Logging Service.
[[0;32m  OK  [0m] Started iSCSI initiator daemon (iscsid).
[[0;32m  OK  [0m] Started Apply the settings specified in cloud-config.
[[0;32m  OK  [0m] Started /etc/rc.local Compatibility.
[[0;32m  OK  [0m] Started Login Service.
         Starting Authenticate and Authorize Users to Run Privileged Tasks...
         Starting Login to default iSCSI targets...
[[0;32m  OK  [0m] Started LSB: Record successful boot for GRUB.
[[0;32m  OK  [0m] Started LSB: MD monitoring daemon.
[[0;32m  OK  [0m] Started Login to default iSCSI targets.
[[0;32m  OK  [0m] Reached target Remote File Systems (Pre).
[[0;32m  OK  [0m] Reached target Remote File Systems.
         Starting LSB: Set the CPU Frequency Scaling governor to "ondemand"...
         Starting LSB: automatic crash report generation...
         Starting LSB: daemon to balance interrupts for SMP systems...
         Starting Permit User Sessions...
[[0;32m  OK  [0m] Started LSB: Set the CPU Frequency Scaling governor to "ondemand".
[[0;32m  OK  [0m] Started Permit User Sessions.
         Starting Hold until boot process finishes up...
         Starting Terminate Plymouth Boot Screen...
[[0;32m  OK  [0m] Started Hold until boot process finishes up.
[[0;32m  OK  [0m] Started Terminate Plymouth Boot Screen.
         Starting Set console scheme...
[[0;32m  OK  [0m] Started Serial Getty on ttyS0.
[[0;32m  OK  [0m] Started Getty on tty1.
[[0;32m  OK  [0m] Reached target Login Prompts.
[[0;32m  OK  [0m] Started LSB: daemon to balance interrupts for SMP systems.
[[0;32m  OK  [0m] Started LSB: automatic crash report generation.
[[0;32m  OK  [0m] Started Set console scheme.
[[0;32m  OK  [0m] Started Authenticate and Authorize Users to Run Privileged Tasks.
[[0;32m  OK  [0m] Started Accounts Service.
[[0;32m  OK  [0m] Started Virtualbox guest utils.
[[0;32m  OK  [0m] Started OpenBSD Secure Shell server.
[[0;32m  OK  [0m] Started LXD - container startup/shutdown.
[[0;32m  OK  [0m] Started Snappy daemon.
[[0;32m  OK  [0m] Reached target Multi-User System.
         Starting Execute cloud user/final scripts...
[[0;32m  OK  [0m] Reached target Graphical Interface.
         Starting Update UTMP about System Runlevel Changes...
[[0;32m  OK  [0m] Started Update UTMP about System Runlevel Changes.
[[0;32m  OK  [0m] Created slice User Slice of vagrant.
[[0;32m  OK  [0m] Started Session 1 of user vagrant.
         Starting User Manager for UID 1000...
[[0;32m  OK  [0m] Started User Manager for UID 1000.
[   51.462120] cloud-init[1274]: Cloud-init v. 17.2 running 'modules:final' at Mon, 16 Apr 2018 19:09:06 +0000. Up 51.00 seconds.
[   51.557652] cloud-init[1274]: Cloud-init v. 17.2 finished at Mon, 16 Apr 2018 19:09:06 +0000. Datasource DataSourceNoCloud [seed=/dev/sdb][dsmode=net].  Up 51.44 seconds
[[0;32m  OK  [0m] Started Execute cloud user/final scripts.
[[0;32m  OK  [0m] Reached target Cloud-init target.

Ubuntu 16.04.4 LTS ubuntu-xenial ttyS0

ubuntu-xenial login: 